e:\projects\quarkacademycppexam\clothingwholesaler\x64\debug\vc143.pdb
e:\projects\quarkacademycppexam\clothingwholesaler\x64\debug\vc143.idb
e:\projects\quarkacademycppexam\clothingwholesaler\x64\debug\tshirt.obj
e:\projects\quarkacademycppexam\clothingwholesaler\x64\debug\store.obj
e:\projects\quarkacademycppexam\clothingwholesaler\x64\debug\seller.obj
e:\projects\quarkacademycppexam\clothingwholesaler\x64\debug\quotation.obj
e:\projects\quarkacademycppexam\clothingwholesaler\x64\debug\producttype.obj
e:\projects\quarkacademycppexam\clothingwholesaler\x64\debug\pants.obj
e:\projects\quarkacademycppexam\clothingwholesaler\x64\debug\option.obj
e:\projects\quarkacademycppexam\clothingwholesaler\x64\debug\iprintable.obj
e:\projects\quarkacademycppexam\clothingwholesaler\x64\debug\clothingwholesaler.obj
e:\projects\quarkacademycppexam\clothingwholesaler\x64\debug\igenericquestion.obj
e:\projects\quarkacademycppexam\clothingwholesaler\x64\debug\application.obj
e:\projects\quarkacademycppexam\clothingwholesaler\x64\debug\applicationtools.obj
e:\projects\quarkacademycppexam\x64\debug\clothingwholesaler.exe
e:\projects\quarkacademycppexam\clothingwholesaler\x64\debug\clothingwholesaler.ilk
e:\projects\quarkacademycppexam\x64\debug\clothingwholesaler.pdb
e:\projects\quarkacademycppexam\clothingwholesaler\x64\debug\clothingwholesaler.new.obj.enc
e:\projects\quarkacademycppexam\clothingwholesaler\x64\debug\store.obj.enc
e:\projects\quarkacademycppexam\clothingwholesaler\x64\debug\clothing.6c207d8a.tlog\cl.command.1.tlog
e:\projects\quarkacademycppexam\clothingwholesaler\x64\debug\clothing.6c207d8a.tlog\cl.read.1.tlog
e:\projects\quarkacademycppexam\clothingwholesaler\x64\debug\clothing.6c207d8a.tlog\cl.write.1.tlog
e:\projects\quarkacademycppexam\clothingwholesaler\x64\debug\clothing.6c207d8a.tlog\link.command.1.tlog
e:\projects\quarkacademycppexam\clothingwholesaler\x64\debug\clothing.6c207d8a.tlog\link.read.1.tlog
e:\projects\quarkacademycppexam\clothingwholesaler\x64\debug\clothing.6c207d8a.tlog\link.write.1.tlog
